<?xml version="1.0" encoding="UTF-8"?>
<testng-results skipped="0" failed="0" ignored="0" total="1" passed="1">
  <reporter-output>
  </reporter-output>
  <suite name="Default suite" duration-ms="164416" started-at="2020-04-12T18:03:55Z" finished-at="2020-04-12T18:06:39Z">
    <groups>
    </groups>
    <test name="Default test" duration-ms="164416" started-at="2020-04-12T18:03:55Z" finished-at="2020-04-12T18:06:39Z">
      <class name="ExtentReportScreenShot.Test.AppTest">
        <test-method status="PASS" signature="report()[pri:0, instance:ExtentReportScreenShot.Test.AppTest@3632be31]" name="report" is-config="true" duration-ms="892" started-at="2020-04-12T18:03:55Z" finished-at="2020-04-12T18:03:56Z">
          <reporter-output>
          </reporter-output>
        </test-method> <!-- report -->
        <test-method status="PASS" signature="setup()[pri:0, instance:ExtentReportScreenShot.Test.AppTest@3632be31]" name="setup" is-config="true" duration-ms="142886" started-at="2020-04-12T18:03:56Z" finished-at="2020-04-12T18:06:19Z">
          <reporter-output>
          </reporter-output>
        </test-method> <!-- setup -->
        <test-method status="PASS" signature="verifyTitle()[pri:0, instance:ExtentReportScreenShot.Test.AppTest@3632be31]" name="verifyTitle" duration-ms="352" started-at="2020-04-12T18:06:19Z" finished-at="2020-04-12T18:06:19Z">
          <reporter-output>
          </reporter-output>
        </test-method> <!-- verifyTitle -->
        <test-method status="PASS" signature="clostest(org.testng.ITestResult)[pri:0, instance:ExtentReportScreenShot.Test.AppTest@3632be31]" name="clostest" is-config="true" duration-ms="12757" started-at="2020-04-12T18:06:19Z" finished-at="2020-04-12T18:06:32Z">
          <params>
            <param index="0">
              <value>
                <![CDATA[[TestResult name=verifyTitle status=SUCCESS method=AppTest.verifyTitle()[pri:0, instance:ExtentReportScreenShot.Test.AppTest@3632be31] output={null}]]]>
              </value>
            </param>
          </params>
          <reporter-output>
          </reporter-output>
        </test-method> <!-- clostest -->
        <test-method status="PASS" signature="afterTest()[pri:0, instance:ExtentReportScreenShot.Test.AppTest@3632be31]" name="afterTest" is-config="true" duration-ms="7411" started-at="2020-04-12T18:06:32Z" finished-at="2020-04-12T18:06:39Z">
          <reporter-output>
          </reporter-output>
        </test-method> <!-- afterTest -->
      </class> <!-- ExtentReportScreenShot.Test.AppTest -->
    </test> <!-- Default test -->
  </suite> <!-- Default suite -->
</testng-results>
